<?xml version="1.0" encoding="UTF-8"?>
<testsuite name="lotto.utils.ValidatorTest" tests="2" skipped="0" failures="0" errors="0" timestamp="2024-01-28T05:35:29" hostname="MacBook-Pro.local" time="0.031">
  <properties/>
  <testcase name="isValidWinningNum()" classname="lotto.utils.ValidatorTest" time="0.024"/>
  <testcase name="isValidPrice()" classname="lotto.utils.ValidatorTest" time="0.005"/>
  <system-out><![CDATA[]]></system-out>
  <system-err><![CDATA[]]></system-err>
</testsuite>
