<?xml version="1.0" encoding="UTF-8"?>
<testsuite name="lotto.LottoTest" tests="2" skipped="0" failures="0" errors="0" timestamp="2023-11-12T12:45:18" hostname="MacBook-Pro.local" time="0.062">
  <properties/>
  <testcase name="로또 번호에 중복된 숫자가 있으면 예외가 발생한다." classname="lotto.LottoTest" time="0.055"/>
  <testcase name="로또 번호의 개수가 6개가 넘어가면 예외가 발생한다." classname="lotto.LottoTest" time="0.004"/>
  <system-out><![CDATA[]]></system-out>
  <system-err><![CDATA[[ERROR] 당첨 번호는 중복된 숫자가 있으면 안됩니다.
[ERROR] 로또 번호를 6개 입력해야 합니다.
]]></system-err>
</testsuite>
